<?xml version="1.0" encoding="UTF-8"?>
<testng-results skipped="0" failed="1" total="2" passed="1">
  <reporter-output>
  </reporter-output>
  <suite name="Default suite" duration-ms="33220" started-at="2019-11-16T05:15:51Z" finished-at="2019-11-16T05:16:24Z">
    <groups>
    </groups>
    <test name="Default test" duration-ms="33220" started-at="2019-11-16T05:15:51Z" finished-at="2019-11-16T05:16:24Z">
      <class name="com.pagelibrary.com.ranford_bnk.TestExecution">
        <test-method status="PASS" signature="generate_report()[pri:0, instance:com.pagelibrary.com.ranford_bnk.TestExecution@3f0ee7cb]" name="generate_report" is-config="true" duration-ms="1293" started-at="2019-11-15T21:15:51Z" finished-at="2019-11-15T21:15:52Z">
          <reporter-output>
          </reporter-output>
        </test-method> <!-- generate_report -->
        <test-method status="PASS" signature="Send_method_To_report(java.lang.reflect.Method)[pri:0, instance:com.pagelibrary.com.ranford_bnk.TestExecution@3f0ee7cb]" name="Send_method_To_report" is-config="true" duration-ms="5" started-at="2019-11-15T21:15:52Z" finished-at="2019-11-15T21:15:52Z">
          <params>
            <param index="0">
              <value>
                <![CDATA[public void com.pagelibrary.com.ranford_bnk.TestExecution.verify_launch()]]>
              </value>
            </param>
          </params>
          <reporter-output>
          </reporter-output>
        </test-method> <!-- Send_method_To_report -->
        <test-method status="PASS" signature="verify_launch()[pri:0, instance:com.pagelibrary.com.ranford_bnk.TestExecution@3f0ee7cb]" name="verify_launch" duration-ms="27622" started-at="2019-11-15T21:15:52Z" finished-at="2019-11-15T21:16:20Z">
          <reporter-output>
          </reporter-output>
        </test-method> <!-- verify_launch -->
        <test-method status="PASS" signature="save_report()[pri:0, instance:com.pagelibrary.com.ranford_bnk.TestExecution@3f0ee7cb]" name="save_report" is-config="true" duration-ms="2809" started-at="2019-11-15T21:16:20Z" finished-at="2019-11-15T21:16:23Z">
          <reporter-output>
          </reporter-output>
        </test-method> <!-- save_report -->
        <test-method status="FAIL" signature="verify_login()[pri:1, instance:com.pagelibrary.com.ranford_bnk.TestExecution@3f0ee7cb]" name="verify_login" duration-ms="1125" started-at="2019-11-15T21:16:23Z" finished-at="2019-11-15T21:16:24Z">
          <exception class="java.lang.NullPointerException">
            <full-stacktrace>
              <![CDATA[java.lang.NullPointerException
	at org.openqa.selenium.remote.RemoteWebDriver.findElement(RemoteWebDriver.java:363)
	at com.pagelibrary.com.ranford_bnk.LoginPage.Username_editbox(LoginPage.java:13)
	at com.pagelibrary.com.ranford_bnk.Reprository.login_TC(Reprository.java:86)
	at com.pagelibrary.com.ranford_bnk.TestExecution.verify_login(TestExecution.java:25)
	at sun.reflect.NativeMethodAccessorImpl.invoke0(Native Method)
	at sun.reflect.NativeMethodAccessorImpl.invoke(Unknown Source)
	at sun.reflect.DelegatingMethodAccessorImpl.invoke(Unknown Source)
	at java.lang.reflect.Method.invoke(Unknown Source)
	at org.testng.internal.MethodInvocationHelper.invokeMethod(MethodInvocationHelper.java:85)
	at org.testng.internal.Invoker.invokeMethod(Invoker.java:639)
	at org.testng.internal.Invoker.invokeTestMethod(Invoker.java:816)
	at org.testng.internal.Invoker.invokeTestMethods(Invoker.java:1124)
	at org.testng.internal.TestMethodWorker.invokeTestMethods(TestMethodWorker.java:125)
	at org.testng.internal.TestMethodWorker.run(TestMethodWorker.java:108)
	at org.testng.TestRunner.privateRun(TestRunner.java:774)
	at org.testng.TestRunner.run(TestRunner.java:624)
	at org.testng.SuiteRunner.runTest(SuiteRunner.java:359)
	at org.testng.SuiteRunner.runSequentially(SuiteRunner.java:354)
	at org.testng.SuiteRunner.privateRun(SuiteRunner.java:312)
	at org.testng.SuiteRunner.run(SuiteRunner.java:261)
	at org.testng.SuiteRunnerWorker.runSuite(SuiteRunnerWorker.java:52)
	at org.testng.SuiteRunnerWorker.run(SuiteRunnerWorker.java:86)
	at org.testng.TestNG.runSuitesSequentially(TestNG.java:1215)
	at org.testng.TestNG.runSuitesLocally(TestNG.java:1140)
	at org.testng.TestNG.run(TestNG.java:1048)
	at org.testng.remote.RemoteTestNG.run(RemoteTestNG.java:112)
	at org.testng.remote.RemoteTestNG.initAndRun(RemoteTestNG.java:205)
	at org.testng.remote.RemoteTestNG.main(RemoteTestNG.java:176)
]]>
            </full-stacktrace>
          </exception> <!-- java.lang.NullPointerException -->
          <reporter-output>
          </reporter-output>
        </test-method> <!-- verify_login -->
        <test-method status="PASS" signature="Send_method_To_report(java.lang.reflect.Method)[pri:0, instance:com.pagelibrary.com.ranford_bnk.TestExecution@3f0ee7cb]" name="Send_method_To_report" is-config="true" duration-ms="0" started-at="2019-11-15T21:16:23Z" finished-at="2019-11-15T21:16:23Z">
          <params>
            <param index="0">
              <value>
                <![CDATA[public void com.pagelibrary.com.ranford_bnk.TestExecution.verify_login()]]>
              </value>
            </param>
          </params>
          <reporter-output>
          </reporter-output>
        </test-method> <!-- Send_method_To_report -->
        <test-method status="PASS" signature="save_report()[pri:0, instance:com.pagelibrary.com.ranford_bnk.TestExecution@3f0ee7cb]" name="save_report" is-config="true" duration-ms="223" started-at="2019-11-15T21:16:24Z" finished-at="2019-11-15T21:16:24Z">
          <reporter-output>
          </reporter-output>
        </test-method> <!-- save_report -->
      </class> <!-- com.pagelibrary.com.ranford_bnk.TestExecution -->
    </test> <!-- Default test -->
  </suite> <!-- Default suite -->
</testng-results>
